<?xml version="1.0" encoding="UTF-8"?>
<testsuite name="edu.sjsu.LposApplicationTests" time="0.017" tests="1" errors="1" skipped="0" failures="0">
  <properties>
[...]
</properties>
  <testcase name="initializationError" classname="edu.sjsu.LposApplicationTests" time="0.017">
    <error message="Unable to find a @SpringBootConfiguration, you need to use @ContextConfiguration or @SpringBootTest(classes=...) with your test" type="java.lang.IllegalStateException"><![CDATA[java.lang.IllegalStateException: Unable to find a @SpringBootConfiguration, you need to use @ContextConfiguration or @SpringBootTest(classes=...) with your test
	at org.springframework.util.Assert.state(Assert.java:392)
	at org.springframework.boot.test.context.SpringBootTestContextBootstrapper.getOrFindConfigurationClasses(SpringBootTestContextBootstrapper.java:156)
	at org.springframework.boot.test.context.SpringBootTestContextBootstrapper.processMergedContextConfiguration(SpringBootTestContextBootstrapper.java:116)
	at org.springframework.test.context.support.AbstractTestContextBootstrapper.buildMergedContextConfiguration(AbstractTestContextBootstrapper.java:409)
	at org.springframework.test.context.support.AbstractTestContextBootstrapper.buildDefaultMergedContextConfiguration(AbstractTestContextBootstrapper.java:323)
	at org.springframework.test.context.support.AbstractTestContextBootstrapper.buildMergedContextConfiguration(AbstractTestContextBootstrapper.java:277)
	at org.springframework.test.context.support.AbstractTestContextBootstrapper.buildTestContext(AbstractTestContextBootstrapper.java:112)
	at org.springframework.boot.test.context.SpringBootTestContextBootstrapper.buildTestContext(SpringBootTestContextBootstrapper.java:74)
	at org.springframework.test.context.TestContextManager.<init>(TestContextManager.java:120)
	at org.springframework.test.context.TestContextManager.<init>(TestContextManager.java:105)
	at org.springframework.test.context.junit4.SpringJUnit4ClassRunner.createTestContextManager(SpringJUnit4ClassRunner.java:152)
	at org.springframework.test.context.junit4.SpringJUnit4ClassRunner.<init>(SpringJUnit4ClassRunner.java:143)
	at org.springframework.test.context.junit4.SpringRunner.<init>(SpringRunner.java:49)
	at sun.reflect.NativeConstructorAccessorImpl.newInstance0(Native Method)
	at sun.reflect.NativeConstructorAccessorImpl.newInstance(NativeConstructorAccessorImpl.java:62)
	at sun.reflect.DelegatingConstructorAccessorImpl.newInstance(DelegatingConstructorAccessorImpl.java:45)
	at java.lang.reflect.Constructor.newInstance(Constructor.java:408)
	at org.junit.internal.builders.AnnotatedBuilder.buildRunner(AnnotatedBuilder.java:104)
	at org.junit.internal.builders.AnnotatedBuilder.runnerForClass(AnnotatedBuilder.java:86)
	at org.junit.runners.model.RunnerBuilder.safeRunnerForClass(RunnerBuilder.java:59)
	at org.junit.internal.builders.AllDefaultPossibilitiesBuilder.runnerForClass(AllDefaultPossibilitiesBuilder.java:26)
	at org.junit.runners.model.RunnerBuilder.safeRunnerForClass(RunnerBuilder.java:59)
	at org.junit.internal.requests.ClassRequest.getRunner(ClassRequest.java:33)
	at org.apache.maven.surefire.junit4.JUnit4Provider.execute(JUnit4Provider.java:283)
	at org.apache.maven.surefire.junit4.JUnit4Provider.executeWithRerun(JUnit4Provider.java:173)
	at org.apache.maven.surefire.junit4.JUnit4Provider.executeTestSet(JUnit4Provider.java:153)
	at org.apache.maven.surefire.junit4.JUnit4Provider.invoke(JUnit4Provider.java:128)
	at org.apache.maven.surefire.booter.ForkedBooter.invokeProviderInSameClassLoader(ForkedBooter.java:203)
	at org.apache.maven.surefire.booter.ForkedBooter.runSuitesInProcess(ForkedBooter.java:155)
	at org.apache.maven.surefire.booter.ForkedBooter.main(ForkedBooter.java:103)
]]></error>
    <system-out><![CDATA[08:20:47.420 [main] DEBUG org.springframework.test.context.junit4.SpringJUnit4ClassRunner - SpringJUnit4ClassRunner constructor called with [class edu.sjsu.LposApplicationTests]
08:20:47.433 [main] DEBUG org.springframework.test.context.BootstrapUtils - Instantiating CacheAwareContextLoaderDelegate from class [org.springframework.test.context.cache.DefaultCacheAwareContextLoaderDelegate]
08:20:47.453 [main] DEBUG org.springframework.test.context.BootstrapUtils - Instantiating BootstrapContext using constructor [public org.springframework.test.context.support.DefaultBootstrapContext(java.lang.Class,org.springframework.test.context.CacheAwareContextLoaderDelegate)]
08:20:47.470 [main] DEBUG org.springframework.test.context.BootstrapUtils - Instantiating TestContextBootstrapper for test class [edu.sjsu.LposApplicationTests] from class [org.springframework.boot.test.context.SpringBootTestContextBootstrapper]
08:20:47.485 [main] INFO org.springframework.boot.test.context.SpringBootTestContextBootstrapper - Neither @ContextConfiguration nor @ContextHierarchy found for test class [edu.sjsu.LposApplicationTests], using SpringBootContextLoader
08:20:47.488 [main] DEBUG org.springframework.test.context.support.AbstractContextLoader - Did not detect default resource location for test class [edu.sjsu.LposApplicationTests]: class path resource [edu/sjsu/LposApplicationTests-context.xml] does not exist
08:20:47.489 [main] DEBUG org.springframework.test.context.support.AbstractContextLoader - Did not detect default resource location for test class [edu.sjsu.LposApplicationTests]: class path resource [edu/sjsu/LposApplicationTestsContext.groovy] does not exist
08:20:47.489 [main] INFO org.springframework.test.context.support.AbstractContextLoader - Could not detect default resource locations for test class [edu.sjsu.LposApplicationTests]: no resource found for suffixes {-context.xml, Context.groovy}.
08:20:47.490 [main] INFO org.springframework.test.context.support.AnnotationConfigContextLoaderUtils - Could not detect default configuration classes for test class [edu.sjsu.LposApplicationTests]: LposApplicationTests does not declare any static, non-private, non-final, nested classes annotated with @Configuration.
08:20:47.544 [main] DEBUG org.springframework.test.context.support.ActiveProfilesUtils - Could not find an 'annotation declaring class' for annotation type [org.springframework.test.context.ActiveProfiles] and class [edu.sjsu.LposApplicationTests]
08:20:47.588 [main] DEBUG org.springframework.core.env.StandardEnvironment - Adding [systemProperties] PropertySource with lowest search precedence
08:20:47.589 [main] DEBUG org.springframework.core.env.StandardEnvironment - Adding [systemEnvironment] PropertySource with lowest search precedence
08:20:47.589 [main] DEBUG org.springframework.core.env.StandardEnvironment - Initialized StandardEnvironment with PropertySources [systemProperties,systemEnvironment]
08:20:47.598 [main] DEBUG org.springframework.core.io.support.PathMatchingResourcePatternResolver - Resolved classpath location [edu/sjsu/] to resources [URL [file:/Users/Michaelzhd/OneDrive/LPOS/target/test-classes/edu/sjsu/], URL [file:/Users/Michaelzhd/OneDrive/LPOS/target/classes/edu/sjsu/]]
08:20:47.600 [main] DEBUG org.springframework.core.io.support.PathMatchingResourcePatternResolver - Looking for matching resources in directory tree [/Users/Michaelzhd/OneDrive/LPOS/target/test-classes/edu/sjsu]
08:20:47.601 [main] DEBUG org.springframework.core.io.support.PathMatchingResourcePatternResolver - Searching directory [/Users/Michaelzhd/OneDrive/LPOS/target/test-classes/edu/sjsu] for files matching pattern [/Users/Michaelzhd/OneDrive/LPOS/target/test-classes/edu/sjsu/*.class]
08:20:47.606 [main] DEBUG org.springframework.core.io.support.PathMatchingResourcePatternResolver - Looking for matching resources in directory tree [/Users/Michaelzhd/OneDrive/LPOS/target/classes/edu/sjsu]
08:20:47.606 [main] DEBUG org.springframework.core.io.support.PathMatchingResourcePatternResolver - Searching directory [/Users/Michaelzhd/OneDrive/LPOS/target/classes/edu/sjsu] for files matching pattern [/Users/Michaelzhd/OneDrive/LPOS/target/classes/edu/sjsu/*.class]
08:20:47.607 [main] DEBUG org.springframework.core.io.support.PathMatchingResourcePatternResolver - Resolved location pattern [classpath*:edu/sjsu/*.class] to resources [file [/Users/Michaelzhd/OneDrive/LPOS/target/test-classes/edu/sjsu/LposApplicationTests.class]]
08:20:47.638 [main] DEBUG org.springframework.core.io.support.PathMatchingResourcePatternResolver - Resolved classpath location [edu/] to resources [URL [file:/Users/Michaelzhd/OneDrive/LPOS/target/test-classes/edu/], URL [file:/Users/Michaelzhd/OneDrive/LPOS/target/classes/edu/]]
08:20:47.639 [main] DEBUG org.springframework.core.io.support.PathMatchingResourcePatternResolver - Looking for matching resources in directory tree [/Users/Michaelzhd/OneDrive/LPOS/target/test-classes/edu]
08:20:47.639 [main] DEBUG org.springframework.core.io.support.PathMatchingResourcePatternResolver - Searching directory [/Users/Michaelzhd/OneDrive/LPOS/target/test-classes/edu] for files matching pattern [/Users/Michaelzhd/OneDrive/LPOS/target/test-classes/edu/*.class]
08:20:47.640 [main] DEBUG org.springframework.core.io.support.PathMatchingResourcePatternResolver - Looking for matching resources in directory tree [/Users/Michaelzhd/OneDrive/LPOS/target/classes/edu]
08:20:47.640 [main] DEBUG org.springframework.core.io.support.PathMatchingResourcePatternResolver - Searching directory [/Users/Michaelzhd/OneDrive/LPOS/target/classes/edu] for files matching pattern [/Users/Michaelzhd/OneDrive/LPOS/target/classes/edu/*.class]
08:20:47.641 [main] DEBUG org.springframework.core.io.support.PathMatchingResourcePatternResolver - Resolved location pattern [classpath*:edu/*.class] to resources []
08:20:47.646 [main] DEBUG org.springframework.test.context.junit4.SpringJUnit4ClassRunner - SpringJUnit4ClassRunner constructor called with [class edu.sjsu.LposApplicationTests]
08:20:47.647 [main] DEBUG org.springframework.test.context.BootstrapUtils - Instantiating CacheAwareContextLoaderDelegate from class [org.springframework.test.context.cache.DefaultCacheAwareContextLoaderDelegate]
08:20:47.648 [main] DEBUG org.springframework.test.context.BootstrapUtils - Instantiating BootstrapContext using constructor [public org.springframework.test.context.support.DefaultBootstrapContext(java.lang.Class,org.springframework.test.context.CacheAwareContextLoaderDelegate)]
08:20:47.648 [main] DEBUG org.springframework.test.context.BootstrapUtils - Instantiating TestContextBootstrapper for test class [edu.sjsu.LposApplicationTests] from class [org.springframework.boot.test.context.SpringBootTestContextBootstrapper]
08:20:47.650 [main] INFO org.springframework.boot.test.context.SpringBootTestContextBootstrapper - Neither @ContextConfiguration nor @ContextHierarchy found for test class [edu.sjsu.LposApplicationTests], using SpringBootContextLoader
08:20:47.651 [main] DEBUG org.springframework.test.context.support.AbstractContextLoader - Did not detect default resource location for test class [edu.sjsu.LposApplicationTests]: class path resource [edu/sjsu/LposApplicationTests-context.xml] does not exist
08:20:47.653 [main] DEBUG org.springframework.test.context.support.AbstractContextLoader - Did not detect default resource location for test class [edu.sjsu.LposApplicationTests]: class path resource [edu/sjsu/LposApplicationTestsContext.groovy] does not exist
08:20:47.655 [main] INFO org.springframework.test.context.support.AbstractContextLoader - Could not detect default resource locations for test class [edu.sjsu.LposApplicationTests]: no resource found for suffixes {-context.xml, Context.groovy}.
08:20:47.655 [main] INFO org.springframework.test.context.support.AnnotationConfigContextLoaderUtils - Could not detect default configuration classes for test class [edu.sjsu.LposApplicationTests]: LposApplicationTests does not declare any static, non-private, non-final, nested classes annotated with @Configuration.
08:20:47.677 [main] DEBUG org.springframework.test.context.support.ActiveProfilesUtils - Could not find an 'annotation declaring class' for annotation type [org.springframework.test.context.ActiveProfiles] and class [edu.sjsu.LposApplicationTests]
08:20:47.679 [main] DEBUG org.springframework.core.env.StandardEnvironment - Adding [systemProperties] PropertySource with lowest search precedence
08:20:47.679 [main] DEBUG org.springframework.core.env.StandardEnvironment - Adding [systemEnvironment] PropertySource with lowest search precedence
08:20:47.680 [main] DEBUG org.springframework.core.env.StandardEnvironment - Initialized StandardEnvironment with PropertySources [systemProperties,systemEnvironment]
08:20:47.680 [main] DEBUG org.springframework.core.io.support.PathMatchingResourcePatternResolver - Resolved classpath location [edu/sjsu/] to resources [URL [file:/Users/Michaelzhd/OneDrive/LPOS/target/test-classes/edu/sjsu/], URL [file:/Users/Michaelzhd/OneDrive/LPOS/target/classes/edu/sjsu/]]
08:20:47.680 [main] DEBUG org.springframework.core.io.support.PathMatchingResourcePatternResolver - Looking for matching resources in directory tree [/Users/Michaelzhd/OneDrive/LPOS/target/test-classes/edu/sjsu]
08:20:47.680 [main] DEBUG org.springframework.core.io.support.PathMatchingResourcePatternResolver - Searching directory [/Users/Michaelzhd/OneDrive/LPOS/target/test-classes/edu/sjsu] for files matching pattern [/Users/Michaelzhd/OneDrive/LPOS/target/test-classes/edu/sjsu/*.class]
08:20:47.681 [main] DEBUG org.springframework.core.io.support.PathMatchingResourcePatternResolver - Looking for matching resources in directory tree [/Users/Michaelzhd/OneDrive/LPOS/target/classes/edu/sjsu]
08:20:47.681 [main] DEBUG org.springframework.core.io.support.PathMatchingResourcePatternResolver - Searching directory [/Users/Michaelzhd/OneDrive/LPOS/target/classes/edu/sjsu] for files matching pattern [/Users/Michaelzhd/OneDrive/LPOS/target/classes/edu/sjsu/*.class]
08:20:47.682 [main] DEBUG org.springframework.core.io.support.PathMatchingResourcePatternResolver - Resolved location pattern [classpath*:edu/sjsu/*.class] to resources [file [/Users/Michaelzhd/OneDrive/LPOS/target/test-classes/edu/sjsu/LposApplicationTests.class]]
08:20:47.683 [main] DEBUG org.springframework.core.io.support.PathMatchingResourcePatternResolver - Resolved classpath location [edu/] to resources [URL [file:/Users/Michaelzhd/OneDrive/LPOS/target/test-classes/edu/], URL [file:/Users/Michaelzhd/OneDrive/LPOS/target/classes/edu/]]
08:20:47.683 [main] DEBUG org.springframework.core.io.support.PathMatchingResourcePatternResolver - Looking for matching resources in directory tree [/Users/Michaelzhd/OneDrive/LPOS/target/test-classes/edu]
08:20:47.683 [main] DEBUG org.springframework.core.io.support.PathMatchingResourcePatternResolver - Searching directory [/Users/Michaelzhd/OneDrive/LPOS/target/test-classes/edu] for files matching pattern [/Users/Michaelzhd/OneDrive/LPOS/target/test-classes/edu/*.class]
08:20:47.684 [main] DEBUG org.springframework.core.io.support.PathMatchingResourcePatternResolver - Looking for matching resources in directory tree [/Users/Michaelzhd/OneDrive/LPOS/target/classes/edu]
08:20:47.684 [main] DEBUG org.springframework.core.io.support.PathMatchingResourcePatternResolver - Searching directory [/Users/Michaelzhd/OneDrive/LPOS/target/classes/edu] for files matching pattern [/Users/Michaelzhd/OneDrive/LPOS/target/classes/edu/*.class]
08:20:47.684 [main] DEBUG org.springframework.core.io.support.PathMatchingResourcePatternResolver - Resolved location pattern [classpath*:edu/*.class] to resources []
]]></system-out>
  </testcase>
</testsuite>